<?xml version='1.0' encoding='UTF-8'?>
<testsuite hostname="JK-IMac" name="com.kakaopay.investment.KakaoPayInvestmentServiceApplicationTest" tests="10" errors="0" failures="0" skipped="0" time="0.705" timestamp="2021-06-14T03:09:16">
                     <properties>
      <property name="jline.esc.timeout" value="0"/><property name="jna.platform.library.path" value="/usr/lib:/usr/lib"/><property name="java.runtime.name" value="Java(TM) SE Runtime Environment"/><property name="sun.boot.library.path" value="/Library/Java/JavaVirtualMachines/jdk1.8.0_172.jdk/Contents/Home/jre/lib"/><property name="java.vm.version" value="25.172-b11"/><property name="gopherProxySet" value="false"/><property name="java.vm.vendor" value="Oracle Corporation"/><property name="java.vendor.url" value="http://java.oracle.com/"/><property name="path.separator" value=":"/><property name="jna.loaded" value="true"/><property name="java.vm.name" value="Java HotSpot(TM) 64-Bit Server VM"/><property name="file.encoding.pkg" value="sun.io"/><property name="user.country" value="KR"/><property name="sun.java.launcher" value="SUN_STANDARD"/><property name="sun.os.patch.level" value="unknown"/><property name="jna.nosys" value="true"/><property name="java.vm.specification.name" value="Java Virtual Machine Specification"/><property name="user.dir" value="/Users/jkpark/workspace/202106-sanaigon-gmail.com/KakaoPayInvestmentServiceApplication"/><property name="java.runtime.version" value="1.8.0_172-b11"/><property name="java.awt.graphicsenv" value="sun.awt.CGraphicsEnvironment"/><property name="java.endorsed.dirs" value="/Library/Java/JavaVirtualMachines/jdk1.8.0_172.jdk/Contents/Home/jre/lib/endorsed"/><property name="os.arch" value="x86_64"/><property name="java.io.tmpdir" value="/var/folders/d1/p1rb5wyx3ps00fng3_l3j26c0000gn/T/"/><property name="line.separator" value="
"/><property name="java.vm.specification.vendor" value="Oracle Corporation"/><property name="log4j.ignoreTCL" value="true"/><property name="os.name" value="Mac OS X"/><property name="sun.jnu.encoding" value="UTF-8"/><property name="jnidispatch.path" value="/Users/jkpark/Library/Caches/JNA/temp/jna592661450505228986.tmp"/><property name="java.library.path" value="/Users/jkpark/Library/Java/Extensions:/Library/Java/Extensions:/Network/Library/Java/Extensions:/System/Library/Java/Extensions:/usr/lib/java:."/><property name="java.specification.name" value="Java Platform API Specification"/><property name="java.class.version" value="52.0"/><property name="sun.management.compiler" value="HotSpot 64-Bit Tiered Compilers"/><property name="os.version" value="10.16"/><property name="http.nonProxyHosts" value="local|*.local|169.254/16|*.169.254/16"/><property name="swoval.tmpdir" value="/Users/jkpark/.sbt/1.0"/><property name="user.home" value="/Users/jkpark"/><property name="user.timezone" value="Asia/Seoul"/><property name="java.awt.printerjob" value="sun.lwawt.macosx.CPrinterJob"/><property name="file.encoding" value="UTF-8"/><property name="java.specification.version" value="1.8"/><property name="java.class.path" value="/usr/local/Cellar/sbt/1.1.0/libexec/bin/sbt-launch.jar"/><property name="user.name" value="jkpark"/><property name="jline.shutdownhook" value="false"/><property name="java.vm.specification.version" value="1.8"/><property name="sun.java.command" value="/usr/local/Cellar/sbt/1.1.0/libexec/bin/sbt-launch.jar clean compile test:compile test"/><property name="java.home" value="/Library/Java/JavaVirtualMachines/jdk1.8.0_172.jdk/Contents/Home/jre"/><property name="sun.arch.data.model" value="64"/><property name="user.language" value="ko"/><property name="java.specification.vendor" value="Oracle Corporation"/><property name="user.language.format" value="ko-Kore"/><property name="awt.toolkit" value="sun.lwawt.macosx.LWCToolkit"/><property name="java.vm.info" value="mixed mode"/><property name="java.version" value="1.8.0_172"/><property name="java.ext.dirs" value="/Users/jkpark/Library/Java/Extensions:/Library/Java/JavaVirtualMachines/jdk1.8.0_172.jdk/Contents/Home/jre/lib/ext:/Library/Java/Extensions:/Network/Library/Java/Extensions:/System/Library/Java/Extensions:/usr/lib/java"/><property name="sun.boot.class.path" value="/Library/Java/JavaVirtualMachines/jdk1.8.0_172.jdk/Contents/Home/jre/lib/resources.jar:/Library/Java/JavaVirtualMachines/jdk1.8.0_172.jdk/Contents/Home/jre/lib/rt.jar:/Library/Java/JavaVirtualMachines/jdk1.8.0_172.jdk/Contents/Home/jre/lib/sunrsasign.jar:/Library/Java/JavaVirtualMachines/jdk1.8.0_172.jdk/Contents/Home/jre/lib/jsse.jar:/Library/Java/JavaVirtualMachines/jdk1.8.0_172.jdk/Contents/Home/jre/lib/jce.jar:/Library/Java/JavaVirtualMachines/jdk1.8.0_172.jdk/Contents/Home/jre/lib/charsets.jar:/Library/Java/JavaVirtualMachines/jdk1.8.0_172.jdk/Contents/Home/jre/lib/jfr.jar:/Library/Java/JavaVirtualMachines/jdk1.8.0_172.jdk/Contents/Home/jre/classes"/><property name="java.vendor" value="Oracle Corporation"/><property name="file.separator" value="/"/><property name="java.vendor.url.bug" value="http://bugreport.sun.com/bugreport/"/><property name="sun.io.unicode.encoding" value="UnicodeBig"/><property name="sun.cpu.endian" value="little"/><property name="socksNonProxyHosts" value="local|*.local|169.254/16|*.169.254/16"/><property name="ftp.nonProxyHosts" value="local|*.local|169.254/16|*.169.254/16"/><property name="sun.cpu.isalist" value=""/>
    </properties>
                     <testcase classname="com.kakaopay.investment.KakaoPayInvestmentServiceApplicationTest" name="KakaoInvestmentServiceApplicationTest should 상품 조회시 모집기간 이내의 상품만 조회되어야 한다." time="0.436">
                                                 
                                               </testcase><testcase classname="com.kakaopay.investment.KakaoPayInvestmentServiceApplicationTest" name="KakaoInvestmentServiceApplicationTest should 모집기간 이외의 기간에 대한 조회시 응답을 하지 않고 에러를 내보낸다" time="0.029">
                                                 
                                               </testcase><testcase classname="com.kakaopay.investment.KakaoPayInvestmentServiceApplicationTest" name="KakaoInvestmentServiceApplicationTest should 투자하기 수행시 정상적으로 투자정보가 저장되어야 한다." time="0.121">
                                                 
                                               </testcase><testcase classname="com.kakaopay.investment.KakaoPayInvestmentServiceApplicationTest" name="KakaoInvestmentServiceApplicationTest should 존재하지 않는 상품 ID를 입력하는 경우 투자하기 기능이 동작하지 않아야 한다." time="0.008">
                                                 
                                               </testcase><testcase classname="com.kakaopay.investment.KakaoPayInvestmentServiceApplicationTest" name="KakaoInvestmentServiceApplicationTest should 0보다 작은 금액으로 투자하는 경우 투자하기 기능이 동작하지 않아야 한다." time="0.016">
                                                 
                                               </testcase><testcase classname="com.kakaopay.investment.KakaoPayInvestmentServiceApplicationTest" name="KakaoInvestmentServiceApplicationTest should 같은 유저가 같은 상품에 중복투자 할 수 없어야 한다." time="0.016">
                                                 
                                               </testcase><testcase classname="com.kakaopay.investment.KakaoPayInvestmentServiceApplicationTest" name="KakaoInvestmentServiceApplicationTest should 투자금액이 총 모집금액을 넘는 경우 잔여한도 만큼만 투자되고 상품은 sold-out 상태로 변경한다." time="0.015">
                                                 
                                               </testcase><testcase classname="com.kakaopay.investment.KakaoPayInvestmentServiceApplicationTest" name="KakaoInvestmentServiceApplicationTest should Sold-out 된 제품을 투자하려 하는 경우 투자하기 기능이 동작하지 않아야 하며 Sold-out 상태를 확인할 수 있어야 한다." time="0.011">
                                                 
                                               </testcase><testcase classname="com.kakaopay.investment.KakaoPayInvestmentServiceApplicationTest" name="KakaoInvestmentServiceApplicationTest should 투자한 이력이 없는 사용자의 나의 투자상품 조회시 반환된 결과값이 없어야 한다." time="0.007">
                                                 
                                               </testcase><testcase classname="com.kakaopay.investment.KakaoPayInvestmentServiceApplicationTest" name="KakaoInvestmentServiceApplicationTest should 나의 투자상품 조회시 해당 사용자에 대한 투자정보가 정상적으로 조회되어야 한다." time="0.046">
                                                 
                                               </testcase>
                     <system-out><![CDATA[]]></system-out>
                     <system-err><![CDATA[]]></system-err>
                   </testsuite>